Removed Pin From Net: NetName=NetC14_2 Pin=R12-1
Removed Pin From Net: NetName=NetC14_2 Pin=R15-1
Removed Pin From Net: NetName=NetC14_2 Pin=R17-1
Removed Pin From Net: NetName=NetC14_2 Pin=R21-1
Removed Pin From Net: NetName=NetC14_2 Pin=R24-1
Removed Pin From Net: NetName=NetC14_2 Pin=R26-1
Removed Pin From Net: NetName=NetC14_2 Pin=R30-1
Removed Pin From Net: NetName=NetC14_2 Pin=R33-1
Removed Pin From Net: NetName=RL8 Pin=U10-2
Removed Member From Class: ClassName=U_LM2976 Member=C22
Removed Member From Class: ClassName=U_LM2976 Member=C24
Removed Member From Class: ClassName=U_LM2976 Member=C26
Removed Member From Class: ClassName=U_LM2976 Member=D9
Change Component Description : Designator=RJ1 Old Description=Single port RJ45 with intergreated magnetics and LED New Description=Single port RJ45 with intergreated magnetics and LED
Added Component: Designator=C13(CAP FILM 5mm)
Add component (AddParameter): Name = "Arrow Part Number"; Value = "R82DC3100DQ50J"; VariantName = "[No Variations]"
Add component (AddParameter): Name = "Arrow Price/Stock"; Value = "https://www.arrow.com/en/products/r82dc3100dq50j/kemet-corporation?region=europe"; VariantName = "[No Variations]"
Add component (AddParameter): Name = "Datasheet Link"; Value = "https://content.kemet.com/datasheets/KEM_F3101_R82.pdf"; VariantName = "[No Variations]"
Add component (AddParameter): Name = "Manufacturer_Name"; Value = "KEMET"; VariantName = "[No Variations]"
Add component (AddParameter): Name = "Manufacturer_Part_Number"; Value = "R82DC3100DQ50J"; VariantName = "[No Variations]"
Add component (AddParameter): Name = "Mouser Part Number"; Value = "80-R82DC3100DQ50J"; VariantName = "[No Variations]"
Add component (AddParameter): Name = "Mouser Price/Stock"; Value = "https://www.mouser.co.uk/ProductDetail/KEMET/R82DC3100DQ50J?qs=06HLYMEcjuXxjUSf9lh2BQ%3D%3D"; VariantName = "[No Variations]"
Added Pin To Net: NetName=GND Pin=C13-1
Added Pin To Net: NetName=+12V Pin=C13-2
Added Pin To Net: NetName=+3.3V_PHR Pin=R12-1
Added Pin To Net: NetName=+3.3V_PHR Pin=R15-1
Added Pin To Net: NetName=+3.3V_PHR Pin=R17-1
Added Pin To Net: NetName=+3.3V_PHR Pin=R21-1
Added Pin To Net: NetName=+3.3V_PHR Pin=R24-1
Added Pin To Net: NetName=+3.3V_PHR Pin=R26-1
Added Pin To Net: NetName=+3.3V_PHR Pin=R30-1
Added Pin To Net: NetName=+3.3V_PHR Pin=R33-1
Change Net Name : Old Net Name=RL8 New Net Name=NetQ7_2
Added Pin To Net: NetName=RL8 Pin=U10-2
Added Net: Name=RL8
Added Member To Class: ClassName=U_LM2976 Member=Component C11 Capacitor Ceramic 2KV
Added Member To Class: ClassName=U_LM2976 Member=Component C12 Capacitor Ceramic 2KV
Added Member To Class: ClassName=U_LM2976 Member=Component C13 R82DC3100DQ50J
Added Member To Class: ClassName=U_LM2976 Member=Component C16 100nF
Added Member To Class: ClassName=U_LM2976 Member=Component C17 100nF
Added Member To Class: ClassName=U_LM2976 Member=Component C18 220uF
Added Member To Class: ClassName=U_LM2976 Member=Component C19 220uF
Added Member To Class: ClassName=U_LM2976 Member=Component C20 100nF
Added Member To Class: ClassName=U_RELAY_8CH Member=Component C21 1uF
Added Member To Class: ClassName=U_RELAY_8CH Member=Component C23 1uF
Added Member To Class: ClassName=U_RELAY_8CH Member=Component C25 1uF
Added Member To Class: ClassName=U_LM2976 Member=Component D3 400W, 5VDC
Added Member To Class: ClassName=U_RELAY_8CH Member=Component D4 PWR
Added Member To Class: ClassName=U_RELAY_8CH Member=Component D5 Diode SMD
Added Member To Class: ClassName=U_RELAY_8CH Member=Component D6 PWR
Added Member To Class: ClassName=U_RELAY_8CH Member=Component D7 Diode SMD
Added Member To Class: ClassName=U_RELAY_8CH Member=Component D8 PWR
Added Member To Class: ClassName=U_RELAY_8CH Member=Component D10 PWR
Added Member To Class: ClassName=U_RELAY_8CH Member=Component D11 Diode SMD
Added Member To Class: ClassName=U_RELAY_8CH Member=Component D12 PWR
Added Member To Class: ClassName=U_RELAY_8CH Member=Component D13 Diode SMD
Added Member To Class: ClassName=U_RELAY_8CH Member=Component D15 Diode SMD
Added Member To Class: ClassName=U_RELAY_8CH Member=Component D16 PWR
Added Member To Class: ClassName=U_RELAY_8CH Member=Component D18 PWR
Added Member To Class: ClassName=U_LM2976 Member=Component L1 3.3mH
Added Member To Class: ClassName=U_LM2976 Member=Component L2 820uH, 0.18A
Added Member To Class: ClassName=U_RELAY_8CH Member=Component R11 330R
Added Member To Class: ClassName=U_RELAY_8CH Member=Component R13 10K
Added Member To Class: ClassName=U_RELAY_8CH Member=Component R16 330R
Added Member To Class: ClassName=U_RELAY_8CH Member=Component R20 330R
Added Member To Class: ClassName=U_RELAY_8CH Member=Component R22 10K
Added Member To Class: ClassName=U_RELAY_8CH Member=Component R24 330R
Added Member To Class: ClassName=U_RELAY_8CH Member=Component R26 330R
Added Member To Class: ClassName=U_RELAY_8CH Member=Component R28 330R
Added Member To Class: ClassName=U_RELAY_8CH Member=Component R31 10K
Added Member To Class: ClassName=U_RELAY_8CH Member=Component R34 330R
Added Member To Class: ClassName=U_RELAY_8CH Member=Component R38 10K
Added Member To Class: ClassName=U_RELAY_8CH Member=Component R41 10K
