Added Component: Designator=J?(691231510004)
Add component (AddParameter): Name = "Application"; Value = "Rising Cage Clamp"; VariantName = "[No Variations]"
Add component (AddParameter): Name = "ComponentLink1Description"; Value = "Manufacturer"; VariantName = "[No Variations]"
Add component (AddParameter): Name = "ComponentLink1URL"; Value = "http://www.we-online.de"; VariantName = "[No Variations]"
Add component (AddParameter): Name = "ComponentLink2Description"; Value = "Datasheet"; VariantName = "[No Variations]"
Add component (AddParameter): Name = "ComponentLink2URL"; Value = "https://katalog.we-online.de/em/datasheet/691231510004.pdf"; VariantName = "[No Variations]"
Add component (AddParameter): Name = "Manufacturer"; Value = "Wurth Elektronik"; VariantName = "[No Variations]"
Add component (AddParameter): Name = "Manufacturer Part Number"; Value = "691231510004"; VariantName = "[No Variations]"
Add component (AddParameter): Name = "Modularity"; Value = "Yes"; VariantName = "[No Variations]"
Add component (AddParameter): Name = "Mounting Technology"; Value = "THT"; VariantName = "[No Variations]"
Add component (AddParameter): Name = "Operating Temperature"; Value = "-40 to +105degC"; VariantName = "[No Variations]"
Add component (AddParameter): Name = "Packaging"; Value = "Box"; VariantName = "[No Variations]"
Add component (AddParameter): Name = "PCB/Cable/Panel"; Value = "PCB"; VariantName = "[No Variations]"
Add component (AddParameter): Name = "Pin Number"; Value = "4"; VariantName = "[No Variations]"
Add component (AddParameter): Name = "Pitch"; Value = "5.08mm"; VariantName = "[No Variations]"
Add component (AddParameter): Name = "Published Date"; Value = "Feburary 2021"; VariantName = "[No Variations]"
Add component (AddParameter): Name = "Rated Current [UL]"; Value = "10A"; VariantName = "[No Variations]"
Add component (AddParameter): Name = "Type"; Value = "Double Level Horizontal"; VariantName = "[No Variations]"
Add component (AddParameter): Name = "Working Voltage [UL]"; Value = "300VAC"; VariantName = "[No Variations]"
Added Member To Class: ClassName=ATMEGA328P ETH TCP Member=Component J? 691231510004
