Removed Member From Class: ClassName=U_RELAY_8CH Member=RV1
Removed Member From Class: ClassName=U_RELAY_8CH Member=RV2
Removed Member From Class: ClassName=U_RELAY_8CH Member=RV3
Removed Member From Class: ClassName=U_RELAY_8CH Member=RV4
Removed Member From Class: ClassName=U_RELAY_8CH Member=RV5
Removed Member From Class: ClassName=U_RELAY_8CH Member=RV6
Removed Member From Class: ClassName=U_RELAY_8CH Member=RV7
Removed Member From Class: ClassName=U_RELAY_8CH Member=RV8
Change Component Designator: OldDesignator=C22 NewDesignator=C23
Change Component Designator: OldDesignator=C23 NewDesignator=C25
Change Component Designator: OldDesignator=C24 NewDesignator=C27
Change Component Designator: OldDesignator=C25 NewDesignator=C29
Change Component Designator: OldDesignator=C26 NewDesignator=C31
Change Component Designator: OldDesignator=C27 NewDesignator=C33
Change Component Designator: OldDesignator=C28 NewDesignator=C35
Added Component: Designator=C22(CAP FILM 5mm)
Add component (AddParameter): Name = "Arrow Part Number"; Value = "R82DC3100DQ50J"; VariantName = "[No Variations]"
Add component (AddParameter): Name = "Arrow Price/Stock"; Value = "https://www.arrow.com/en/products/r82dc3100dq50j/kemet-corporation?region=europe"; VariantName = "[No Variations]"
Add component (AddParameter): Name = "Datasheet Link"; Value = "https://content.kemet.com/datasheets/KEM_F3101_R82.pdf"; VariantName = "[No Variations]"
Add component (AddParameter): Name = "Manufacturer_Name"; Value = "KEMET"; VariantName = "[No Variations]"
Add component (AddParameter): Name = "Manufacturer_Part_Number"; Value = "R82DC3100DQ50J"; VariantName = "[No Variations]"
Add component (AddParameter): Name = "Mouser Part Number"; Value = "80-R82DC3100DQ50J"; VariantName = "[No Variations]"
Add component (AddParameter): Name = "Mouser Price/Stock"; Value = "https://www.mouser.co.uk/ProductDetail/KEMET/R82DC3100DQ50J?qs=06HLYMEcjuXxjUSf9lh2BQ%3D%3D"; VariantName = "[No Variations]"
Added Component: Designator=C24(CAP FILM 5mm)
Add component (AddParameter): Name = "Arrow Part Number"; Value = "R82DC3100DQ50J"; VariantName = "[No Variations]"
Add component (AddParameter): Name = "Arrow Price/Stock"; Value = "https://www.arrow.com/en/products/r82dc3100dq50j/kemet-corporation?region=europe"; VariantName = "[No Variations]"
Add component (AddParameter): Name = "Datasheet Link"; Value = "https://content.kemet.com/datasheets/KEM_F3101_R82.pdf"; VariantName = "[No Variations]"
Add component (AddParameter): Name = "Manufacturer_Name"; Value = "KEMET"; VariantName = "[No Variations]"
Add component (AddParameter): Name = "Manufacturer_Part_Number"; Value = "R82DC3100DQ50J"; VariantName = "[No Variations]"
Add component (AddParameter): Name = "Mouser Part Number"; Value = "80-R82DC3100DQ50J"; VariantName = "[No Variations]"
Add component (AddParameter): Name = "Mouser Price/Stock"; Value = "https://www.mouser.co.uk/ProductDetail/KEMET/R82DC3100DQ50J?qs=06HLYMEcjuXxjUSf9lh2BQ%3D%3D"; VariantName = "[No Variations]"
Added Component: Designator=C26(CAP FILM 5mm)
Add component (AddParameter): Name = "Arrow Part Number"; Value = "R82DC3100DQ50J"; VariantName = "[No Variations]"
Add component (AddParameter): Name = "Arrow Price/Stock"; Value = "https://www.arrow.com/en/products/r82dc3100dq50j/kemet-corporation?region=europe"; VariantName = "[No Variations]"
Add component (AddParameter): Name = "Datasheet Link"; Value = "https://content.kemet.com/datasheets/KEM_F3101_R82.pdf"; VariantName = "[No Variations]"
Add component (AddParameter): Name = "Manufacturer_Name"; Value = "KEMET"; VariantName = "[No Variations]"
Add component (AddParameter): Name = "Manufacturer_Part_Number"; Value = "R82DC3100DQ50J"; VariantName = "[No Variations]"
Add component (AddParameter): Name = "Mouser Part Number"; Value = "80-R82DC3100DQ50J"; VariantName = "[No Variations]"
Add component (AddParameter): Name = "Mouser Price/Stock"; Value = "https://www.mouser.co.uk/ProductDetail/KEMET/R82DC3100DQ50J?qs=06HLYMEcjuXxjUSf9lh2BQ%3D%3D"; VariantName = "[No Variations]"
Added Component: Designator=C28(CAP FILM 5mm)
Add component (AddParameter): Name = "Arrow Part Number"; Value = "R82DC3100DQ50J"; VariantName = "[No Variations]"
Add component (AddParameter): Name = "Arrow Price/Stock"; Value = "https://www.arrow.com/en/products/r82dc3100dq50j/kemet-corporation?region=europe"; VariantName = "[No Variations]"
Add component (AddParameter): Name = "Datasheet Link"; Value = "https://content.kemet.com/datasheets/KEM_F3101_R82.pdf"; VariantName = "[No Variations]"
Add component (AddParameter): Name = "Manufacturer_Name"; Value = "KEMET"; VariantName = "[No Variations]"
Add component (AddParameter): Name = "Manufacturer_Part_Number"; Value = "R82DC3100DQ50J"; VariantName = "[No Variations]"
Add component (AddParameter): Name = "Mouser Part Number"; Value = "80-R82DC3100DQ50J"; VariantName = "[No Variations]"
Add component (AddParameter): Name = "Mouser Price/Stock"; Value = "https://www.mouser.co.uk/ProductDetail/KEMET/R82DC3100DQ50J?qs=06HLYMEcjuXxjUSf9lh2BQ%3D%3D"; VariantName = "[No Variations]"
Added Component: Designator=C30(CAP FILM 5mm)
Add component (AddParameter): Name = "Arrow Part Number"; Value = "R82DC3100DQ50J"; VariantName = "[No Variations]"
Add component (AddParameter): Name = "Arrow Price/Stock"; Value = "https://www.arrow.com/en/products/r82dc3100dq50j/kemet-corporation?region=europe"; VariantName = "[No Variations]"
Add component (AddParameter): Name = "Datasheet Link"; Value = "https://content.kemet.com/datasheets/KEM_F3101_R82.pdf"; VariantName = "[No Variations]"
Add component (AddParameter): Name = "Manufacturer_Name"; Value = "KEMET"; VariantName = "[No Variations]"
Add component (AddParameter): Name = "Manufacturer_Part_Number"; Value = "R82DC3100DQ50J"; VariantName = "[No Variations]"
Add component (AddParameter): Name = "Mouser Part Number"; Value = "80-R82DC3100DQ50J"; VariantName = "[No Variations]"
Add component (AddParameter): Name = "Mouser Price/Stock"; Value = "https://www.mouser.co.uk/ProductDetail/KEMET/R82DC3100DQ50J?qs=06HLYMEcjuXxjUSf9lh2BQ%3D%3D"; VariantName = "[No Variations]"
Added Component: Designator=C32(CAP FILM 5mm)
Add component (AddParameter): Name = "Arrow Part Number"; Value = "R82DC3100DQ50J"; VariantName = "[No Variations]"
Add component (AddParameter): Name = "Arrow Price/Stock"; Value = "https://www.arrow.com/en/products/r82dc3100dq50j/kemet-corporation?region=europe"; VariantName = "[No Variations]"
Add component (AddParameter): Name = "Datasheet Link"; Value = "https://content.kemet.com/datasheets/KEM_F3101_R82.pdf"; VariantName = "[No Variations]"
Add component (AddParameter): Name = "Manufacturer_Name"; Value = "KEMET"; VariantName = "[No Variations]"
Add component (AddParameter): Name = "Manufacturer_Part_Number"; Value = "R82DC3100DQ50J"; VariantName = "[No Variations]"
Add component (AddParameter): Name = "Mouser Part Number"; Value = "80-R82DC3100DQ50J"; VariantName = "[No Variations]"
Add component (AddParameter): Name = "Mouser Price/Stock"; Value = "https://www.mouser.co.uk/ProductDetail/KEMET/R82DC3100DQ50J?qs=06HLYMEcjuXxjUSf9lh2BQ%3D%3D"; VariantName = "[No Variations]"
Added Component: Designator=C34(CAP FILM 5mm)
Add component (AddParameter): Name = "Arrow Part Number"; Value = "R82DC3100DQ50J"; VariantName = "[No Variations]"
Add component (AddParameter): Name = "Arrow Price/Stock"; Value = "https://www.arrow.com/en/products/r82dc3100dq50j/kemet-corporation?region=europe"; VariantName = "[No Variations]"
Add component (AddParameter): Name = "Datasheet Link"; Value = "https://content.kemet.com/datasheets/KEM_F3101_R82.pdf"; VariantName = "[No Variations]"
Add component (AddParameter): Name = "Manufacturer_Name"; Value = "KEMET"; VariantName = "[No Variations]"
Add component (AddParameter): Name = "Manufacturer_Part_Number"; Value = "R82DC3100DQ50J"; VariantName = "[No Variations]"
Add component (AddParameter): Name = "Mouser Part Number"; Value = "80-R82DC3100DQ50J"; VariantName = "[No Variations]"
Add component (AddParameter): Name = "Mouser Price/Stock"; Value = "https://www.mouser.co.uk/ProductDetail/KEMET/R82DC3100DQ50J?qs=06HLYMEcjuXxjUSf9lh2BQ%3D%3D"; VariantName = "[No Variations]"
Added Component: Designator=C36(CAP FILM 5mm)
Add component (AddParameter): Name = "Arrow Part Number"; Value = "R82DC3100DQ50J"; VariantName = "[No Variations]"
Add component (AddParameter): Name = "Arrow Price/Stock"; Value = "https://www.arrow.com/en/products/r82dc3100dq50j/kemet-corporation?region=europe"; VariantName = "[No Variations]"
Add component (AddParameter): Name = "Datasheet Link"; Value = "https://content.kemet.com/datasheets/KEM_F3101_R82.pdf"; VariantName = "[No Variations]"
Add component (AddParameter): Name = "Manufacturer_Name"; Value = "KEMET"; VariantName = "[No Variations]"
Add component (AddParameter): Name = "Manufacturer_Part_Number"; Value = "R82DC3100DQ50J"; VariantName = "[No Variations]"
Add component (AddParameter): Name = "Mouser Part Number"; Value = "80-R82DC3100DQ50J"; VariantName = "[No Variations]"
Add component (AddParameter): Name = "Mouser Price/Stock"; Value = "https://www.mouser.co.uk/ProductDetail/KEMET/R82DC3100DQ50J?qs=06HLYMEcjuXxjUSf9lh2BQ%3D%3D"; VariantName = "[No Variations]"
Change Net Name : Old Net Name=NetC22_2 New Net Name=NetC23_2
Change Net Name : Old Net Name=NetC23_2 New Net Name=NetC25_2
Change Net Name : Old Net Name=NetC24_2 New Net Name=NetC27_2
Change Net Name : Old Net Name=NetC25_2 New Net Name=NetC29_2
Change Net Name : Old Net Name=NetC26_2 New Net Name=NetC31_2
Change Net Name : Old Net Name=NetC27_2 New Net Name=NetC33_2
Change Net Name : Old Net Name=NetC28_2 New Net Name=NetC35_2
Added Pin To Net: NetName=NetC22_1 Pin=C22-1
Added Pin To Net: NetName=NetC22_1 Pin=RL1-3
Added Net: Name=NetC22_1
Added Pin To Net: NetName=NetC22_2 Pin=C22-2
Added Pin To Net: NetName=NetC22_2 Pin=RL1-4
Added Net: Name=NetC22_2
Added Pin To Net: NetName=NetC24_1 Pin=C24-1
Added Pin To Net: NetName=NetC24_1 Pin=RL2-3
Added Net: Name=NetC24_1
Added Pin To Net: NetName=NetC24_2 Pin=C24-2
Added Pin To Net: NetName=NetC24_2 Pin=RL2-4
Added Net: Name=NetC24_2
Added Pin To Net: NetName=NetC26_1 Pin=C26-1
Added Pin To Net: NetName=NetC26_1 Pin=RL3-3
Added Net: Name=NetC26_1
Added Pin To Net: NetName=NetC26_2 Pin=C26-2
Added Pin To Net: NetName=NetC26_2 Pin=RL3-4
Added Net: Name=NetC26_2
Added Pin To Net: NetName=NetC28_1 Pin=C28-1
Added Pin To Net: NetName=NetC28_1 Pin=RL4-3
Added Net: Name=NetC28_1
Added Pin To Net: NetName=NetC28_2 Pin=C28-2
Added Pin To Net: NetName=NetC28_2 Pin=RL4-4
Added Net: Name=NetC28_2
Added Pin To Net: NetName=NetC30_1 Pin=C30-1
Added Pin To Net: NetName=NetC30_1 Pin=RL5-3
Added Net: Name=NetC30_1
Added Pin To Net: NetName=NetC30_2 Pin=C30-2
Added Pin To Net: NetName=NetC30_2 Pin=RL5-4
Added Net: Name=NetC30_2
Added Pin To Net: NetName=NetC32_1 Pin=C32-1
Added Pin To Net: NetName=NetC32_1 Pin=RL6-3
Added Net: Name=NetC32_1
Added Pin To Net: NetName=NetC32_2 Pin=C32-2
Added Pin To Net: NetName=NetC32_2 Pin=RL6-4
Added Net: Name=NetC32_2
Added Pin To Net: NetName=NetC34_1 Pin=C34-1
Added Pin To Net: NetName=NetC34_1 Pin=RL7-3
Added Net: Name=NetC34_1
Added Pin To Net: NetName=NetC34_2 Pin=C34-2
Added Pin To Net: NetName=NetC34_2 Pin=RL7-4
Added Net: Name=NetC34_2
Added Pin To Net: NetName=NetC36_1 Pin=C36-1
Added Pin To Net: NetName=NetC36_1 Pin=RL8-3
Added Net: Name=NetC36_1
Added Pin To Net: NetName=NetC36_2 Pin=C36-2
Added Pin To Net: NetName=NetC36_2 Pin=RL8-4
Added Net: Name=NetC36_2
Added Member To Class: ClassName=U_RELAY_8CH Member=Component C29 1uF
Added Member To Class: ClassName=U_RELAY_8CH Member=Component C30 R82DC3100DQ50J
Added Member To Class: ClassName=U_RELAY_8CH Member=Component C31 1uF
Added Member To Class: ClassName=U_RELAY_8CH Member=Component C32 R82DC3100DQ50J
Added Member To Class: ClassName=U_RELAY_8CH Member=Component C33 1uF
Added Member To Class: ClassName=U_RELAY_8CH Member=Component C34 R82DC3100DQ50J
Added Member To Class: ClassName=U_RELAY_8CH Member=Component C35 1uF
Added Member To Class: ClassName=U_RELAY_8CH Member=Component C36 R82DC3100DQ50J
